v8-version,7,2,502,25,0
code-creation,Script,10,25179,0x86af572,704, :1:1,0x86aef08,~
code-creation,Script,10,25276,0x86af982,54, :1:155069,0x86af340,~
code-creation,Script,10,25325,0x86afa32,61,clear :1:155551,0x86af8c8,~
code-creation,Script,10,25383,0x86afb5a,187,setRule :1:155291,0x86af8a8,~
code-creation,Script,10,25418,0x86afc96,19, :1:155377,0x86afa84,~
code-creation,Script,10,25456,0x86afd42,100, :1:155113,0x86af888,~
code-creation,Script,10,25515,0x86b00d6,265, :1:150401,0x86af320,~
code-creation,Script,10,25554,0x86b026e,65, :1:154440,0x86aff00,~
code-creation,Script,10,25587,0x86b032e,63,close :1:154316,0x86afee0,~
code-creation,Script,10,25626,0x86b0456,134,open :1:153957,0x86afec0,~
code-creation,Script,10,25659,0x86b056a,56, :1:154213,0x86b03a4,~
code-creation,Script,10,25688,0x86b062a,56, :1:154086,0x86b0384,~
code-creation,Script,10,25721,0x86b06fe,106,keydown :1:153810,0x86afea0,~
code-creation,Script,10,25753,0x86b0802,105,callbackNo :1:153674,0x86afe80,~
code-creation,Script,10,25785,0x86b08fe,77,callbackOk :1:153574,0x86afe60,~
code-creation,Script,10,25821,0x86b09fa,151,close :1:153314,0x86afe40,~
code-creation,Script,10,25940,0x86b0d8a,956,o :1:151739,0x86afe20,~
code-creation,Script,10,25973,0x86b1236,81, :1:153168,0x86b0b10,~
code-creation,Script,10,26002,0x86b1302,57, :1:152897,0x86b0af0,~
code-creation,Script,10,26028,0x86b13b2,57, :1:152686,0x86b0ad0,~
code-creation,Script,10,26055,0x86b1462,57, :1:152400,0x86b0ab0,~
code-creation,Script,10,26086,0x86b1532,64,i :1:151639,0x86afe00,~
code-creation,Script,10,26114,0x86b15d6,34, :1:151695,0x86b14ac,~
code-creation,Script,10,26140,0x86b165a,23,callback :1:150530,0x86afde0,~
code-creation,Script,10,26166,0x86b16d6,23,callback :1:150453,0x86afdc0,~
code-creation,Script,10,26310,0x86b2136,625, :1:126600,0x86af300,~
code-creation,Script,10,26341,0x86b2486,19,destroy :1:150090,0x86b1cbc,~
code-creation,Script,10,26385,0x86b254e,142, :1:150108,0x86b2410,~
code-creation,Script,10,26418,0x86b264a,19,rotate :1:150054,0x86b1c9c,~
code-creation,Script,10,26446,0x86b26ca,39,setZoom :1:149995,0x86b1c7c,~
code-creation,Script,10,26472,0x86b2776,19,refresh :1:149932,0x86b1c5c,~
code-creation,Script,10,26498,0x86b27e6,18, :1:149950,0x86b2704,~
code-creation,Script,10,26522,0x86b2852,18,result :1:149889,0x86b1c3c,~
code-creation,Script,10,26563,0x86b2912,182,get :1:149640,0x86b1c1c,~
code-creation,Script,10,26590,0x86b2a42,26,bind :1:149597,0x86b1bfc,~
code-creation,Script,10,26613,0x86b2aa6,3,update :1:149527,0x86b1bdc,~
code-creation,Script,10,26661,0x86b2ba2,212, :1:148122,0x86b1bbc,~
code-creation,Script,10,26693,0x86b2cfe,61, :1:148520,0x86b2acc,~
code-creation,Script,10,26731,0x86b2dda,131, :1:148326,0x86b2aac,~
code-creation,Script,10,26769,0x86b2f0e,103, :1:140817,0x86b1b9c,~
code-creation,Script,10,26799,0x86b2fde,40, :1:140888,0x86b2e7c,~
code-creation,Script,10,26827,0x86b3072,29, :1:140748,0x86b1b7c,~
code-creation,Script,10,26865,0x86b3122,101,y :1:131334,0x86b1b5c,~
code-creation,Script,10,26900,0x86b323e,118, :1:131191,0x86b1b3c,~
code-creation,Script,10,26942,0x86b3362,186, :1:130986,0x86b1b1c,~
code-creation,Script,10,26980,0x86b34c6,122, :1:130841,0x86b1afc,~
code-creation,Script,10,27016,0x86b35da,118, :1:130703,0x86b1adc,~
code-creation,Script,10,27045,0x86b36ce,42,v :1:130611,0x86b1abc,~
code-creation,Script,10,27092,0x86b37d2,162,value :1:129416,0x86b1a9c,~
code-creation,Script,10,27124,0x86b391e,39, :1:129078,0x86b1a7c,~
code-creation,Script,10,27159,0x86b39f6,80,e :1:129091,0x86b3898,~
code-creation,Script,10,27219,0x86b3d66,237, :1:126639,0x86b1a5c,~
code-creation,Script,10,27245,0x86b3ec2,7, :1:128930,0x86b3c40,~
code-creation,Script,10,27271,0x86b3f3e,30, :1:128824,0x86b3c20,~
code-creation,Script,10,27306,0x86b3fca,56, :1:128849,0x86b3ecc,~
code-creation,Script,10,27333,0x86b4086,30, :1:128770,0x86b3c00,~
code-creation,Script,10,27358,0x86b40f2,11, :1:128795,0x86b4014,~
code-creation,Script,10,27388,0x86b4186,63, :1:128673,0x86b3be0,~
code-creation,Script,10,27413,0x86b4216,11, :1:128741,0x86b410c,~
code-creation,Script,10,27449,0x86b42ce,100, :1:128264,0x86b3bc0,~
code-creation,Script,10,27563,0x86b43e2,115, :1:128383,0x86b4230,~
code-creation,Script,10,27619,0x86b4512,153,i :1:128399,0x86b434c,~
code-creation,Script,10,27647,0x86b4602,18, :1:128525,0x86b446c,~
code-creation,Script,10,27675,0x86b4696,38, :1:128043,0x86b3ba0,~
code-creation,Script,10,27704,0x86b4742,54, :1:128081,0x86b4620,~
code-creation,Script,10,27735,0x86b47e6,51, :1:128108,0x86b46c8,~
code-creation,Script,10,27761,0x86b487a,17, :1:127988,0x86b3b80,~
code-creation,Script,10,27788,0x86b48fe,37, :1:127898,0x86b3b60,~
code-creation,Script,10,27813,0x86b4976,16, :1:127861,0x86b3b40,~
code-creation,Script,10,27847,0x86b4a4e,83,a :1:127675,0x86b3b20,~
code-creation,Script,10,27873,0x86b4af2,18, :1:127734,0x86b49b4,~
code-creation,Script,10,27897,0x86b4b52,18, :1:127706,0x86b4994,~
code-creation,Script,10,27931,0x86b4bde,69,s :1:127564,0x86b3b00,~
code-creation,Script,10,27960,0x86b4c92,29,r :1:127508,0x86b3ae0,~
code-creation,Script,10,28005,0x86b4d5e,173,o :1:127217,0x86b3ac0,~
code-creation,Script,10,28039,0x86b4eb2,62,i :1:126948,0x86b3aa0,~
code-creation,Script,10,28084,0x86b4f9e,153, :1:127033,0x86b4e28,~
code-creation,Script,10,28121,0x86b50ce,107,n :1:126709,0x86b3a80,~
code-creation,Script,10,28147,0x86b51c2,19,t :1:126653,0x86b3a60,~
code-creation,Script,10,28173,0x86b5232,26, :1:126674,0x86b5154,~
code-creation,Script,10,28237,0x86b539a,342,z :1:148588,0x86b1a3c,~
code-creation,Script,10,28290,0x86b55ee,233,F :1:147671,0x86b1a1c,~
code-creation,Script,10,28369,0x86b584e,499,R :1:146381,0x86b19fc,~
code-creation,Script,10,28413,0x86b5b82,190, :1:147059,0x86b5704,~
code-creation,Script,10,28461,0x86b5d5e,210, :1:147403,0x86b5ac0,~
code-creation,Script,10,28490,0x86b5ed6,33, :1:147254,0x86b5aa0,~
code-creation,Script,10,28521,0x86b5f8e,85, :1:147296,0x86b5e5c,~
code-creation,Script,10,28549,0x86b603a,11, :1:147327,0x86b5f04,~
code-creation,Script,10,28578,0x86b60b6,46, :1:147160,0x86b5a80,~
code-creation,Script,10,28653,0x86b6262,457,M :1:145725,0x86b19dc,~
code-creation,Script,10,28683,0x86b64d2,31,q :1:145674,0x86b19bc,~
code-creation,Script,10,28747,0x86b6646,351,O :1:144042,0x86b199c,~
code-creation,Script,10,28823,0x86b6986,531, :1:144734,0x86b6524,~
code-creation,Script,10,28864,0x86b6c76,134, :1:145429,0x86b6818,~
code-creation,Script,10,28890,0x86b6d6a,11, :1:145373,0x86b67f8,~
code-creation,Script,10,28929,0x86b6e46,157, :1:144749,0x86b67d8,~
code-creation,Script,10,28955,0x86b6f5a,24, :1:144849,0x86b6d84,~
code-creation,Script,10,28995,0x86b7072,136, :1:144403,0x86b6504,~
code-creation,Script,10,29025,0x86b7196,50, :1:144656,0x86b6fc0,~
code-creation,Script,10,29050,0x86b721a,17, :1:144697,0x86b7114,~
code-creation,Script,10,29079,0x86b72b6,47, :1:144596,0x86b6fa0,~
code-creation,Script,10,29103,0x86b733a,10, :1:144624,0x86b7238,~
code-creation,Script,10,29130,0x86b73d2,41,n :1:144419,0x86b6f80,~
code-creation,Script,10,29154,0x86b744e,17, :1:144461,0x86b7350,~
code-creation,Script,10,29263,0x86b762a,619,H :1:143219,0x86b197c,~
code-creation,Script,10,29342,0x86b7a36,446,L :1:142635,0x86b195c,~
code-creation,Script,10,29411,0x86b7d9a,389,j :1:141372,0x86b193c,~
code-creation,Script,10,29461,0x86b8026,209, :1:142282,0x86b7c5c,~
code-creation,Script,10,29519,0x86b823a,309, :1:141842,0x86b7c3c,~
code-creation,Script,10,29550,0x86b8416,48,N :1:141278,0x86b191c,~
code-creation,Script,10,29598,0x86b852e,215,A :1:140946,0x86b18fc,~
code-creation,Script,10,29640,0x86b8706,162,k :1:140484,0x86b18dc,~
code-creation,Script,10,29709,0x86b88f6,429,T :1:140000,0x86b18bc,~
code-creation,Script,10,29756,0x86b8b86,128,_ :1:139844,0x86b189c,~
code-creation,Script,10,29784,0x86b8c86,23,C :1:139787,0x86b187c,~
code-creation,Script,10,29926,0x86b8f42,833,x :1:132168,0x86b185c,~
code-creation,Script,10,29995,0x86b948a,392, :1:137819,0x86b8cf0,~
code-creation,Script,10,30031,0x86b96de,135,g :1:139380,0x86b933c,~
code-creation,Script,10,30113,0x86b9946,711,m :1:138699,0x86b931c,~
code-creation,Script,10,30171,0x86b9d92,293,f :1:138229,0x86b92fc,~
code-creation,Script,10,30236,0x86ba066,425, :1:135757,0x86b8cd0,~
code-creation,Script,10,30290,0x86ba2ee,171,s :1:137088,0x86b9f08,~
code-creation,Script,10,30351,0x86ba4aa,154,r :1:135887,0x86b9ee8,~
code-creation,Script,10,30431,0x86ba6f2,514, :1:135899,0x86ba3bc,~
code-creation,Script,10,30490,0x86baab6,356, :1:136316,0x86ba588,~
code-creation,Script,10,30523,0x86bacc2,81,a :1:136070,0x86ba568,~
code-creation,Script,10,30564,0x86bae8a,147, :1:133371,0x86b8cb0,~
code-creation,Script,10,30647,0x86bb09a,416, :1:134946,0x86badc8,~
code-creation,Script,10,30690,0x86bb30e,188, :1:135334,0x86baf5c,~
code-creation,Script,10,30736,0x86bb48e,56, :1:135115,0x86baf3c,~
code-creation,Script,10,30774,0x86bb576,190,m :1:134614,0x86bada8,~
code-creation,Script,10,30844,0x86bb75a,379,f :1:134173,0x86bad88,~
code-creation,Script,10,30903,0x86bba0e,284,d :1:133753,0x86bad68,~
code-creation,Script,10,30937,0x86bbbd2,79,p :1:133621,0x86bad48,~
code-creation,Script,10,30990,0x86bbcee,233,c :1:133410,0x86bad28,~
code-creation,Script,10,31076,0x86bbf36,545,b :1:131559,0x86b183c,~
code-creation,Script,10,31108,0x86bc1ee,44,w :1:131475,0x86b181c,~
code-creation,Script,10,31144,0x86bc2b6,68,m :1:130376,0x86b17fc,~
code-creation,Script,10,31170,0x86bc35a,16,f :1:130340,0x86b17dc,~
code-creation,Script,10,31208,0x86bc3ce,62,d :1:130286,0x86b17bc,~
code-creation,Script,10,31240,0x86bc47e,54,p :1:130220,0x86b179c,~
code-creation,Script,10,31275,0x86bc522,76,h :1:130128,0x86b177c,~
code-creation,Script,10,31310,0x86bc5fe,88,u :1:129968,0x86b175c,~
code-creation,Script,10,31335,0x86bc6ae,14,c :1:129939,0x86b173c,~
code-creation,Script,10,31377,0x86bc73e,148,l :1:129802,0x86b171c,~
code-creation,Script,10,31415,0x86bc86e,105,a :1:129686,0x86b16fc,~
code-creation,Script,10,31451,0x86bc95e,93, :1:126409,0x86af2e0,~
code-creation,Script,10,31498,0x86bcba6,151, :1:124315,0x86af2c0,~
code-creation,Script,10,31544,0x86bcd02,155,set :1:126230,0x86bca8c,~
code-creation,Script,10,31572,0x86bce1e,31,get :1:126186,0x86bca6c,~
code-creation,Script,10,31618,0x86bcf0a,184, :1:125897,0x86bca4c,~
code-creation,Script,10,31673,0x86bd0ee,238, :1:124656,0x86bca2c,~
code-creation,Script,10,31741,0x86bd34a,398, :1:124899,0x86bcfec,~
code-creation,Script,10,31847,0x86bd65e,690, :1:125260,0x86bd220,~
code-creation,Script,10,31887,0x86bda26,90,m :1:125779,0x86bd200,~
code-creation,Script,10,31915,0x86bdae2,36, :1:125844,0x86bd96c,~
code-creation,Script,10,31942,0x86bdb6a,37, :1:124357,0x86bca0c,~
code-creation,Script,10,31973,0x86bdc26,60,i :1:124520,0x86bc9ec,~
code-creation,Script,10,32005,0x86bdcea,57,n :1:124409,0x86bc9cc,~
code-creation,Script,10,32044,0x86bddbe,121, :1:124141,0x86af2a0,~
code-creation,Script,10,32128,0x86be7f2,372, :1:99575,0x86af280,~
code-creation,Script,10,32169,0x86bea96,95,_uiHash :1:123933,0x86be328,~
code-creation,Script,10,32201,0x86beb82,58,_trigger :1:123843,0x86be308,~
code-creation,Script,10,32358,0x86bef0a,1066,_clear :1:121815,0x86be2e8,~
code-creation,Script,10,32389,0x86bf43e,15, :1:122863,0x86bec70,~
code-creation,Script,10,32418,0x86bf4b6,38, :1:122882,0x86bf3d0,~
code-creation,Script,10,32443,0x86bf55a,15, :1:122746,0x86bec50,~
code-creation,Script,10,32469,0x86bf5d2,38, :1:122765,0x86bf4ec,~
code-creation,Script,10,32496,0x86bf662,36, :1:122684,0x86bec30,~
code-creation,Script,10,32521,0x86bf6f2,36, :1:122587,0x86bec10,~
code-creation,Script,10,32548,0x86bf786,43, :1:122351,0x86bebf0,~
code-creation,Script,10,32573,0x86bf832,23,n :1:121831,0x86bebd0,~
code-creation,Script,10,32600,0x86bf8ae,46, :1:121854,0x86bf7c4,~
code-creation,Script,10,32645,0x86bf9ba,186,_rearrange :1:121507,0x86be2c8,~
code-creation,Script,10,32675,0x86bfaf2,32, :1:121750,0x86bf8ec,~
code-creation,Script,10,32817,0x86bfdd6,1277,_generatePosition :1:119784,0x86be2a8,~
code-creation,Script,10,32887,0x86c04ce,416,_convertPositionTo :1:119206,0x86be288,~
code-creation,Script,10,33005,0x86c08f6,1159,_setContainment :1:117806,0x86be268,~
code-creation,Script,10,33040,0x86c0eb6,55,_cacheHelperProportions :1:117689,0x86be248,~
code-creation,Script,10,33080,0x86c0fa6,106,_cacheMargins :1:117528,0x86be228,~
code-creation,Script,10,33126,0x86c1116,194,_getRelativeOffset :1:117239,0x86be208,~
code-creation,Script,10,33195,0x86c135e,409,_getParentOffset :1:116619,0x86be1e8,~
code-creation,Script,10,33258,0x86c163a,304,_adjustOffsetFromHelper :1:116201,0x86be1c8,~
code-creation,Script,10,33334,0x86c1926,502,_createHelper :1:115499,0x86be1a8,~
code-creation,Script,10,33478,0x86c1dd6,1227,_contactContainers :1:113786,0x86be188,~
code-creation,Script,10,33514,0x86c23ce,45,_createTrPlaceholder :1:113620,0x86be168,~
code-creation,Script,10,33549,0x86c247a,102, :1:113663,0x86c234c,~
code-creation,Script,10,33599,0x86c2612,242,_createPlaceholder :1:112537,0x86be148,~
code-creation,Script,10,33649,0x86c27ee,310,update :1:113114,0x86c2518,~
code-creation,Script,10,33735,0x86c2a56,386,element :1:112668,0x86c24f8,~
code-creation,Script,10,33877,0x86c2da6,599,refreshPositions :1:111543,0x86be128,~
code-creation,Script,10,34037,0x86c3292,657,_refreshItems :1:110777,0x86be108,~
code-creation,Script,10,34095,0x86c3636,81,_removeCurrentsFromItems :1:110580,0x86be0e8,~
code-creation,Script,10,34147,0x86c370a,57, :1:110683,0x86c3594,~
code-creation,Script,10,34276,0x86c390e,592,_getItemsAsjQuery :1:109870,0x86be0c8,~
code-creation,Script,10,34320,0x86c3c0a,18,n :1:109884,0x86c3754,~
code-creation,Script,10,34367,0x86c3c9a,53,_connectWith :1:109749,0x86be0a8,~
code-creation,Script,10,34411,0x86c3d3e,35,refresh :1:109638,0x86be088,~
code-creation,Script,10,34457,0x86c3dda,52,_getDragHorizontalDirection :1:109529,0x86be068,~
code-creation,Script,10,34504,0x86c3e8a,52,_getDragVerticalDirection :1:109405,0x86be048,~
code-creation,Script,10,34587,0x86c3fa2,246,_intersectsWithSides :1:109023,0x86be028,~
code-creation,Script,10,34669,0x86c419e,254,_intersectsWithPointer :1:108620,0x86be008,~
code-creation,Script,10,34779,0x86c43e2,414,_intersectsWith :1:107934,0x86bdfe8,~
code-creation,Script,10,34834,0x86c4652,71,toArray :1:107766,0x86bdfc8,~
code-creation,Script,10,34882,0x86c471a,75, :1:107850,0x86c45c4,~
code-creation,Script,10,34944,0x86c4836,153,serialize :1:107453,0x86bdfa8,~
code-creation,Script,10,35007,0x86c498a,174, :1:107540,0x86c477c,~
code-creation,Script,10,35133,0x86c4c0e,543,cancel :1:106536,0x86bdf88,~
code-creation,Script,10,35258,0x86c5002,475,_mouseStop :1:105912,0x86bdf68,~
code-creation,Script,10,35300,0x86c527e,22, :1:106471,0x86c4e8c,~
code-creation,Script,10,35580,0x86c560a,1656,_mouseDrag :1:103482,0x86bdf48,~
code-creation,Script,10,35820,0x86c60be,1243,_mouseStart :1:101500,0x86bdf28,~
code-creation,Script,10,35921,0x86c67a6,320,_mouseCapture :1:101011,0x86bdf08,~
code-creation,Script,10,35967,0x86c696e,19, :1:101388,0x86c6684,~
code-creation,Script,10,36011,0x86c69f6,61, :1:101175,0x86c6664,~
code-creation,Script,10,36060,0x86c6ac6,88,_destroy :1:100858,0x86bdee8,~
code-creation,Script,10,36107,0x86c6bd6,81,_setHandleClassName :1:100596,0x86bdec8,~
code-creation,Script,10,36158,0x86c6cba,84, :1:100717,0x86c6b38,~
code-creation,Script,10,36202,0x86c6d82,36,_setOption :1:100503,0x86bdea8,~
code-creation,Script,10,36252,0x86c6e3e,78,_create :1:100319,0x86bde88,~
code-creation,Script,10,36296,0x86c6f16,72,_isFloating :1:100214,0x86bde68,~
code-creation,Script,10,36336,0x86c6fba,17,_isOverAxis :1:100166,0x86bde48,~
code-creation,Script,10,36392,0x86c704a,68, :1:99407,0x86af260,~
code-creation,Script,10,36435,0x86c711a,33, :1:99038,0x86af240,~
code-creation,Script,10,36498,0x86c720e,146, :1:99075,0x86c709c,~
code-creation,Script,10,36552,0x86c7342,116, :1:99198,0x86c7148,~
code-creation,Script,10,36598,0x86c7442,68, :1:98925,0x86af220,~
code-creation,Script,10,36652,0x86c7566,102, :1:98741,0x86af200,~
code-creation,Script,10,36693,0x86c7636,27, :1:98881,0x86c74b4,~
code-creation,Script,10,36730,0x86c76ce,15, :1:98827,0x86c7494,~
code-creation,Script,10,36769,0x86c773a,26, :1:98846,0x86c7660,~
code-creation,Script,10,36815,0x86c77d2,68, :1:98637,0x86af1e0,~
code-creation,Script,10,36885,0x86c7b2a,165, :1:95526,0x86af1c0,~
code-creation,Script,10,36921,0x86c7c36,3,_mouseCapture :1:98612,0x86c7984,~
code-creation,Script,10,36955,0x86c7c7a,3,_mouseStop :1:98585,0x86c7964,~
code-creation,Script,10,37066,0x86c7cbe,3,_mouseDrag :1:98561,0x86c7944,~
code-creation,Script,10,37106,0x86c7d02,3,_mouseStart :1:98537,0x86c7924,~
code-creation,Script,10,37144,0x86c7d52,6,_mouseDelayMet :1:98487,0x86c7904,~
code-creation,Script,10,37200,0x86c7df2,112,_mouseDistanceMet :1:98329,0x86c78e4,~
code-creation,Script,10,37285,0x86c7f4a,196,_mouseUp :1:97871,0x86c78c4,~
code-creation,Script,10,37387,0x86c813a,290,_mouseMove :1:97230,0x86c78a4,~
code-creation,Script,10,37518,0x86c846e,469,_mouseDown :1:96268,0x86c7884,~
code-creation,Script,10,37561,0x86c86e2,17, :1:97030,0x86c82d4,~
code-creation,Script,10,37598,0x86c874e,17, :1:96972,0x86c82b4,~
code-creation,Script,10,37634,0x86c87ba,12, :1:96635,0x86c8294,~
code-creation,Script,10,37687,0x86c885e,109,_mouseDestroy :1:96056,0x86c7864,~
code-creation,Script,10,37741,0x86c89aa,87,_mouseInit :1:95724,0x86c7844,~
code-creation,Script,10,37795,0x86c8a96,105, :1:95856,0x86c8908,~
code-creation,Script,10,37833,0x86c8b66,17, :1:95791,0x86c88e8,~
code-creation,Script,10,37868,0x86c8bc6,6, :1:95579,0x86c7824,~
code-creation,Script,10,37917,0x86c8c3e,68, :1:95403,0x86af1a0,~
code-creation,Script,10,38040,0x86c932a,417, :1:87354,0x86af180,~
code-creation,Script,10,38089,0x86c95aa,53, :1:95003,0x86c8ff0,~
code-creation,Script,10,38180,0x86c96ea,300, :1:95043,0x86c9524,~
code-creation,Script,10,38226,0x86c989a,60, :1:95342,0x86c95f0,~
code-creation,Script,10,38317,0x86c99c6,270,_trigger :1:94625,0x86c8fd0,~
code-creation,Script,10,38370,0x86c9bda,58,_focusable :1:94392,0x86c8fb0,~
code-creation,Script,10,38413,0x86c9c86,40,focusout :1:94540,0x86c9b24,~
code-creation,Script,10,38454,0x86c9d1a,40,focusin :1:94461,0x86c9b04,~
code-creation,Script,10,38501,0x86c9e2a,58,_hoverable :1:94152,0x86c8f90,~
code-creation,Script,10,38543,0x86c9ed6,40,mouseleave :1:94305,0x86c9d74,~
code-creation,Script,10,38584,0x86c9f6a,40,mouseenter :1:94224,0x86c9d54,~
code-creation,Script,10,38632,0x86ca022,38,_delay :1:94026,0x86c8f70,~
code-creation,Script,10,38676,0x86ca0a6,42, :1:94069,0x86c9fa4,~
code-creation,Script,10,38742,0x86ca192,216,_off :1:93781,0x86c8f50,~
code-creation,Script,10,38802,0x86ca34e,137,_on :1:93312,0x86c8f30,~
code-creation,Script,10,38853,0x86ca49e,182, :1:93471,0x86ca2a0,~
code-creation,Script,10,38889,0x86ca5e2,107,a :1:93487,0x86ca3f0,~
code-creation,Script,10,38930,0x86ca712,119,_toggleClass :1:93116,0x86c8f10,~
code-creation,Script,10,38958,0x86ca7f2,28,_addClass :1:93051,0x86c8ef0,~
code-creation,Script,10,38984,0x86ca86a,28,_removeClass :1:92989,0x86c8ed0,~
code-creation,Script,10,39014,0x86ca916,50,_untrackClassesElement :1:92825,0x86c8eb0,~
code-creation,Script,10,39050,0x86ca9ca,104, :1:92878,0x86ca894,~
code-creation,Script,10,39100,0x86cab52,231,_classes :1:92306,0x86c8e90,~
code-creation,Script,10,39159,0x86cad2a,286,n :1:92320,0x86caa4c,~
code-creation,Script,10,39188,0x86caee2,19,disable :1:92246,0x86c8e70,~
code-creation,Script,10,39214,0x86caf6a,19,enable :1:92187,0x86c8e50,~
code-creation,Script,10,39253,0x86cb012,109,_setOptionDisabled :1:91976,0x86c8e30,~
code-creation,Script,10,39301,0x86cb166,176,_setOptionClasses :1:91746,0x86c8e10,~
code-creation,Script,10,39335,0x86cb2a6,60,_setOption :1:91600,0x86c8df0,~
code-creation,Script,10,39366,0x86cb34e,61,_setOptions :1:91523,0x86c8dd0,~
code-creation,Script,10,39432,0x86cb486,346,option :1:91060,0x86c8db0,~
code-creation,Script,10,39458,0x86cb65e,6,widget :1:91021,0x86c8d90,~
code-creation,Script,10,39499,0x86cb742,163,destroy :1:90714,0x86c8d70,~
code-creation,Script,10,39526,0x86cb85e,19, :1:90785,0x86cb670,~
code-creation,Script,10,39549,0x86cb8be,3,_getCreateOptions :1:90630,0x86c8d50,~
code-creation,Script,10,39628,0x86cba4e,476,_createWidget :1:89912,0x86c8d30,~
code-creation,Script,10,39658,0x86cbcd6,26,remove :1:90209,0x86cb8c4,~
code-creation,Script,10,39682,0x86cbd3e,3, :1:89725,0x86c8d10,~
code-creation,Script,10,39712,0x86cbdce,60, :1:89013,0x86c8cf0,~
code-creation,Script,10,39759,0x86cbf0e,192, :1:89071,0x86cbd44,~
code-creation,Script,10,39802,0x86cc05a,118, :1:89609,0x86cbe3c,~
code-creation,Script,10,39861,0x86cc1b2,292, :1:89184,0x86cbe1c,~
code-creation,Script,10,39920,0x86cc3aa,294, :1:88754,0x86c8cd0,~
code-creation,Script,10,40009,0x86cc766,596, :1:87593,0x86c8cb0,~
code-creation,Script,10,40043,0x86cca82,58, :1:88572,0x86cc558,~
code-creation,Script,10,40075,0x86ccb52,88, :1:88080,0x86cc538,~
code-creation,Script,10,40103,0x86ccc76,23, :1:88115,0x86ccad0,~
code-creation,Script,10,40135,0x86cccfe,63, :1:88240,0x86ccbfc,~
code-creation,Script,10,40163,0x86ccda6,35,o :1:88185,0x86ccbdc,~
code-creation,Script,10,40189,0x86cce32,38,e :1:88128,0x86ccbbc,~
code-creation,Script,10,40220,0x86ccec6,73, :1:87847,0x86cc518,~
code-creation,Script,10,40247,0x86ccf6e,26, :1:87780,0x86cc4f8,~
code-creation,Script,10,40275,0x86cd006,15, :1:87417,0x86c8c90,~
code-creation,Script,10,40316,0x86cd0ae,113, :1:87436,0x86ccf94,~
code-creation,Script,10,40350,0x86cd1a6,68, :1:87248,0x86af160,~
code-creation,Script,10,40381,0x86cd26a,58, :1:87163,0x86af140,~
code-creation,Script,10,40412,0x86cd32a,68, :1:87061,0x86af120,~
code-creation,Script,10,40442,0x86cd44a,46, :1:86754,0x86af100,~
code-creation,Script,10,40468,0x86cd4de,17,enableSelection :1:87005,0x86cd39c,~
code-creation,Script,10,40500,0x86cd592,47, :1:86803,0x86cd37c,~
code-creation,Script,10,40527,0x86cd64a,31, :1:86901,0x86cd4fc,~
code-creation,Script,10,40552,0x86cd6c6,13, :1:86952,0x86cd5d4,~
code-creation,Script,10,40582,0x86cd752,68, :1:86634,0x86af0e0,~
code-creation,Script,10,40610,0x86cd7fe,32, :1:86577,0x86af0c0,~
code-creation,Script,10,40639,0x86cd89e,68, :1:86482,0x86af0a0,~
code-creation,Script,10,41501,0x86d2002,9672, :1:273,0x86af080,~
code-creation,Script,10,41545,0x86d4a26,70, :1:86387,0x86cfc10,~
code-creation,Script,10,41570,0x86d4aba,4, :1:86322,0x86cfbf0,~
code-creation,Script,10,41603,0x86d4b2e,65, :1:86175,0x86cfbd0,~
code-creation,Script,10,41633,0x86d4bda,49, :1:85996,0x86cfbb0,~
code-creation,Script,10,41675,0x86d4cb2,146, :1:85786,0x86cfb90,~
code-creation,Script,10,41707,0x86d4dbe,65,o :1:85887,0x86d4c1c,~
code-creation,Script,10,41738,0x86d4e72,64,undelegate :1:85692,0x86cfb70,~
code-creation,Script,10,41766,0x86d4f12,28,delegate :1:85638,0x86cfb50,~
code-creation,Script,10,41791,0x86d4f8a,25,unbind :1:85588,0x86cfb30,~
code-creation,Script,10,41820,0x86d4ffe,28,bind :1:85537,0x86cfb10,~
code-creation,Script,10,41847,0x86d507e,34,hover :1:85459,0x86cfaf0,~
code-creation,Script,10,41876,0x86d512a,36, :1:85339,0x86cfad0,~
code-creation,Script,10,41907,0x86d51ba,61, :1:85361,0x86d50b0,~
code-creation,Script,10,41939,0x86d52c2,78, :1:84635,0x86cfab0,~
code-creation,Script,10,41967,0x86d539e,40, :1:84699,0x86d5208,~
code-creation,Script,10,42005,0x86d5466,103, :1:84721,0x86d5324,~
code-creation,Script,10,42057,0x86d55a2,279, :1:84838,0x86d53d4,~
code-creation,Script,10,42087,0x86d576a,61, :1:84472,0x86cfa90,~
code-creation,Script,10,42120,0x86d581e,84, :1:84519,0x86d56e8,~
code-creation,Script,10,42149,0x86d590e,51, :1:84197,0x86cfa70,~
code-creation,Script,10,42178,0x86d59ca,38, :1:84243,0x86d5888,~
code-creation,Script,10,42219,0x86d5a76,119, :1:84269,0x86d5950,~
code-creation,Script,10,42245,0x86d5b7a,19,offsetParent :1:84003,0x86cfa50,~
code-creation,Script,10,42279,0x86d5c02,57, :1:84030,0x86d5b08,~
code-creation,Script,10,42349,0x86d5d8e,385,position :1:83491,0x86cfa30,~
code-creation,Script,10,42399,0x86d604e,147,offset :1:83186,0x86cfa10,~
code-creation,Script,10,42428,0x86d615e,36, :1:83251,0x86d5f4c,~
code-creation,Script,10,42497,0x86d6282,394,setOffset :1:82726,0x86cf9f0,~
code-creation,Script,10,42529,0x86d64ca,53, :1:82631,0x86cf9d0,~
code-creation,Script,10,42555,0x86d655e,13, :1:82666,0x86d6448,~
code-creation,Script,10,42582,0x86d65f2,36, :1:82550,0x86cf9b0,~
code-creation,Script,10,42607,0x86d6672,18, :1:82572,0x86d6578,~
code-creation,Script,10,42658,0x86d67ba,221, :1:82075,0x86cf990,~
code-creation,Script,10,42687,0x86d6932,39, :1:82386,0x86d66b0,~
code-creation,Script,10,42719,0x86d69d2,75, :1:82407,0x86d68bc,~
code-creation,Script,10,42751,0x86d6a9e,96, :1:82296,0x86d6690,~
code-creation,Script,10,42808,0x86d6bf6,279, :1:81716,0x86cf970,~
code-creation,Script,10,42888,0x86d6eba,479, :1:80890,0x86cf950,~
code-creation,Script,10,42931,0x86d7146,153, :1:81427,0x86d6d80,~
code-creation,Script,10,42956,0x86d7236,8, :1:81394,0x86d6d60,~
code-creation,Script,10,42983,0x86d7296,42, :1:81304,0x86d6d40,~
code-creation,Script,10,43014,0x86d7332,59,jsonpCallback :1:80792,0x86cf930,~
code-creation,Script,10,43046,0x86d744a,47, :1:80449,0x86cf910,~
code-creation,Script,10,43072,0x86d74ce,14,abort :1:80690,0x86d73a0,~
code-creation,Script,10,43108,0x86d75ba,140,send :1:80498,0x86d7380,~
code-creation,Script,10,43140,0x86d76c6,68,n :1:80588,0x86d74e8,~
code-creation,Script,10,43170,0x86d777a,35, :1:80349,0x86cf8f0,~
code-creation,Script,10,43195,0x86d77fe,19,text script :1:80283,0x86cf8d0,~
code-creation,Script,10,43221,0x86d7876,24, :1:80039,0x86cf8b0,~
code-creation,Script,10,43254,0x86d796e,65, :1:78995,0x86cf890,~
code-creation,Script,10,43279,0x86d7a02,14,abort :1:80001,0x86d78bc,~
code-creation,Script,10,43360,0x86d7b9a,524,send :1:79057,0x86d789c,~
code-creation,Script,10,43392,0x86d7e5a,43, :1:79856,0x86d7a3c,~
code-creation,Script,10,43417,0x86d7eda,18, :1:79898,0x86d7de0,~
code-creation,Script,10,43442,0x86d7f6a,15,n :1:79376,0x86d7a1c,~
code-creation,Script,10,43500,0x86d807e,350, :1:79395,0x86d7ef8,~
code-creation,Script,10,43530,0x86d826a,39, :1:78825,0x86cf870,~
code-creation,Script,10,43559,0x86d82fe,32, :1:78726,0x86cf850,~
code-creation,Script,10,43585,0x86d838a,30, :1:78657,0x86cf830,~
code-creation,Script,10,43614,0x86d843e,51,unwrap :1:78526,0x86cf810,~
code-creation,Script,10,43641,0x86d84de,30, :1:78577,0x86d83b8,~
code-creation,Script,10,43669,0x86d8586,44,wrap :1:78428,0x86cf7f0,~
code-creation,Script,10,43699,0x86d861e,52, :1:78468,0x86d850c,~
code-creation,Script,10,43729,0x86d8706,63,wrapInner :1:78254,0x86cf7d0,~
code-creation,Script,10,43761,0x86d87be,65, :1:78346,0x86d8684,~
code-creation,Script,10,43789,0x86d886e,44, :1:78288,0x86d8664,~
code-creation,Script,10,43830,0x86d8962,153,wrapAll :1:77988,0x86cf7b0,~
code-creation,Script,10,43859,0x86d8a76,25, :1:78144,0x86d88ac,~
code-creation,Script,10,43887,0x86d8b3a,29, :1:77864,0x86cf790,~
code-creation,Script,10,43914,0x86d8bde,30, :1:77695,0x86cf770,~
code-creation,Script,10,43951,0x86d8cc2,124, :1:77714,0x86d8b68,~
code-creation,Script,10,43978,0x86d8dae,30,getScript :1:77622,0x86cf750,~
code-creation,Script,10,44004,0x86d8e2a,30,getJSON :1:77568,0x86cf730,~
code-creation,Script,10,44225,0x86d93b2,2217,ajax :1:73319,0x86cf710,~
code-creation,Script,10,44257,0x86d9d82,22, :1:75783,0x86d8f34,~
code-creation,Script,10,44287,0x86d9df6,43,abort :1:74062,0x86d8f14,~
code-creation,Script,10,44326,0x86d9eae,125,statusCode :1:73960,0x86d8ef4,~
code-creation,Script,10,44354,0x86d9f8e,21,overrideMimeType :1:73900,0x86d8ed4,~
code-creation,Script,10,44389,0x86da00a,67,setRequestHeader :1:73795,0x86d8eb4,~
code-creation,Script,10,44415,0x86da09e,11,getAllResponseHeaders :1:73750,0x86d8e94,~
code-creation,Script,10,44453,0x86da122,103,getResponseHeader :1:73604,0x86d8e74,~
code-creation,Script,10,44553,0x86da3a2,752,k :1:75906,0x86d8e54,~
code-creation,Script,10,44650,0x86da87e,550, :1:76393,0x86da1c4,~
code-creation,Script,10,44714,0x86dabc6,296, :1:76041,0x86da1a4,~
code-creation,Script,10,44746,0x86dad72,57,ajaxSetup :1:73200,0x86cf6f0,~
code-creation,Script,10,44778,0x86dae8e,69,serializeArray :1:71327,0x86cf6d0,~
code-creation,Script,10,44823,0x86dafb6,131, :1:71575,0x86dadfc,~
code-creation,Script,10,44853,0x86db0d6,48, :1:71654,0x86daeec,~
code-creation,Script,10,44889,0x86db192,105, :1:71433,0x86daddc,~
code-creation,Script,10,44918,0x86db276,45, :1:71354,0x86dadbc,~
code-creation,Script,10,44944,0x86db30a,29,serialize :1:71262,0x86cf6b0,~
code-creation,Script,10,44989,0x86db416,171, :1:70961,0x86cf690,~
code-creation,Script,10,45017,0x86db536,24, :1:71151,0x86db358,~
code-creation,Script,10,45051,0x86db5c6,85,o :1:70988,0x86db338,~
code-creation,Script,10,45091,0x86db6ca,128, :1:70405,0x86cf670,~
code-creation,Script,10,45126,0x86db85e,72, :1:70002,0x86cf650,~
code-creation,Script,10,45166,0x86db92a,118,teardown :1:70226,0x86db7a4,~
code-creation,Script,10,45203,0x86dba1a,98,setup :1:70105,0x86db784,~
code-creation,Script,10,45232,0x86dbaf6,61,n :1:70022,0x86db764,~
code-creation,Script,10,45262,0x86dbba2,45,triggerHandler :1:69881,0x86cf630,~
code-creation,Script,10,45291,0x86dbc56,32,trigger :1:69795,0x86cf610,~
code-creation,Script,10,45317,0x86dbcda,37, :1:69826,0x86dbbe0,~
code-creation,Script,10,45350,0x86dbd9a,82,simulate :1:69675,0x86cf5f0,~
code-creation,Script,10,45549,0x86dc082,1142,trigger :1:68323,0x86cf5d0,~
code-creation,Script,10,45583,0x86dc5de,13,vt :1:68264,0x86cf5b0,~
code-creation,Script,10,45618,0x86dc6c2,72, :1:67981,0x86cf590,~
code-creation,Script,10,45647,0x86dc776,27, :1:68127,0x86dc618,~
code-creation,Script,10,45680,0x86dc812,75,set :1:68014,0x86dc5f8,~
code-creation,Script,10,45722,0x86dc90a,137,set :1:67775,0x86cf570,~
code-creation,Script,10,45777,0x86dca6a,192,get :1:67494,0x86cf550,~
code-creation,Script,10,45809,0x86dcbb6,62,get :1:67408,0x86cf530,~
code-creation,Script,10,45859,0x86dccca,207,val :1:66819,0x86cf510,~
code-creation,Script,10,45914,0x86dce96,245, :1:66893,0x86dcc04,~
code-creation,Script,10,45945,0x86dd002,16, :1:67033,0x86dcdbc,~
code-creation,Script,10,45983,0x86dd09a,116,hasClass :1:66662,0x86cf4f0,~
code-creation,Script,10,46026,0x86dd1fa,153,toggleClass :1:66154,0x86cf4d0,~
code-creation,Script,10,46076,0x86dd356,230, :1:66372,0x86dd148,~
code-creation,Script,10,46106,0x86dd4b6,70, :1:66299,0x86dd128,~
code-creation,Script,10,46163,0x86dd5fe,316,removeClass :1:65763,0x86cf4b0,~
code-creation,Script,10,46194,0x86dd7c2,61, :1:65822,0x86dd50c,~
code-creation,Script,10,46244,0x86dd8e6,258,addClass :1:65447,0x86cf490,~
code-creation,Script,10,46273,0x86dda66,61, :1:65506,0x86dd810,~
code-creation,Script,10,46300,0x86ddb0a,31, :1:65377,0x86cf470,~
code-creation,Script,10,46328,0x86ddb96,31,set :1:65149,0x86cf450,~
code-creation,Script,10,46355,0x86ddc1a,27,get :1:65057,0x86cf430,~
code-creation,Script,10,46391,0x86ddcbe,105,get :1:64846,0x86cf410,~
code-creation,Script,10,46439,0x86dddce,207,prop :1:64591,0x86cf3f0,~
code-creation,Script,10,46468,0x86ddf32,28,removeProp :1:64502,0x86cf3d0,~
code-creation,Script,10,46495,0x86ddfae,29, :1:64531,0x86ddebc,~
code-creation,Script,10,46526,0x86de02e,46,prop :1:64431,0x86cf3b0,~
code-creation,Script,10,46558,0x86de0f2,53, :1:64007,0x86cf390,~
code-creation,Script,10,46592,0x86de18e,87, :1:64052,0x86de06c,~
code-creation,Script,10,46621,0x86de252,44,set :1:63890,0x86cf370,~
code-creation,Script,10,46655,0x86de2fa,76,removeAttr :1:63782,0x86cf350,~
code-creation,Script,10,46690,0x86de3ce,76,set :1:63645,0x86cf330,~
code-creation,Script,10,46752,0x86de512,331,attr :1:63236,0x86cf310,~
code-creation,Script,10,46781,0x86de706,28,removeAttr :1:63155,0x86cf2f0,~
code-creation,Script,10,46808,0x86de77e,25, :1:63184,0x86de690,~
code-creation,Script,10,46836,0x86de7fa,46,attr :1:63084,0x86cf2d0,~
code-creation,Script,10,46877,0x86de8ea,169, :1:62779,0x86cf2b0,~
code-creation,Script,10,46911,0x86dea3e,78, :1:62631,0x86cf290,~
code-creation,Script,10,46941,0x86deb1e,42, :1:62701,0x86de9b0,~
code-creation,Script,10,46967,0x86deba6,24, :1:62746,0x86dea9c,~
code-creation,Script,10,46991,0x86dec0e,6, :1:62555,0x86cf270,~
code-creation,Script,10,47015,0x86dec56,17, :1:62516,0x86cf250,~
code-creation,Script,10,47042,0x86decd6,44, :1:62445,0x86cf230,~
code-creation,Script,10,47083,0x86deda2,134, :1:62298,0x86cf210,~
code-creation,Script,10,47111,0x86deebe,32, :1:62206,0x86cf1f0,~
code-creation,Script,10,47138,0x86def3a,29, :1:62228,0x86dee44,~
code-creation,Script,10,47169,0x86defe6,55, :1:61909,0x86cf1d0,~
code-creation,Script,10,47202,0x86df08a,77, :1:61945,0x86def64,~
code-creation,Script,10,47233,0x86df16a,47,finish :1:61506,0x86cf1b0,~
code-creation,Script,10,47293,0x86df286,314, :1:61554,0x86df0e8,~
code-creation,Script,10,47332,0x86df4b2,98,stop :1:61059,0x86cf190,~
code-creation,Script,10,47393,0x86df5f6,337, :1:61215,0x86df418,~
code-creation,Script,10,47421,0x86df7ca,21,i :1:61081,0x86df3f8,~
code-creation,Script,10,47539,0x86df892,127,animate :1:60840,0x86cf170,~
code-creation,Script,10,47578,0x86df992,92,s :1:60902,0x86df7ec,~
code-creation,Script,10,47612,0x86dfa8e,96,fadeTo :1:60733,0x86cf150,~
code-creation,Script,10,47673,0x86dfc1e,344, :1:60289,0x86cf130,~
code-creation,Script,10,47705,0x86dfe0a,84, :1:60638,0x86dfb08,~
code-creation,Script,10,47734,0x86dfed2,51,prefilter :1:60215,0x86cf110,~
code-creation,Script,10,47881,0x86e0222,1168, :1:58835,0x86cf0f0,~
code-creation,Script,10,47923,0x86e079a,132, :1:60057,0x86dff98,~
code-creation,Script,10,47954,0x86e089a,71, :1:59853,0x86dff78,~
code-creation,Script,10,47979,0x86e0946,13, :1:59717,0x86dff58,~
code-creation,Script,10,48006,0x86e09d6,24, :1:59115,0x86dff38,~
code-creation,Script,10,48036,0x86e0a6a,71, :1:59135,0x86e0960,~
code-creation,Script,10,48062,0x86e0b16,20, :1:59064,0x86dff18,~
code-creation,Script,10,48104,0x86e0bca,138,tweener :1:58676,0x86cf0d0,~
code-creation,Script,10,48136,0x86e0cce,56, :1:58588,0x86cf0b0,~
code-creation,Script,10,48167,0x86e0d8a,42,swing :1:56447,0x86cf090,~
code-creation,Script,10,48191,0x86e0e02,4,linear :1:56419,0x86cf070,~
code-creation,Script,10,48221,0x86e0e72,51,set :1:56329,0x86cf050,~
code-creation,Script,10,48269,0x86e0f66,201,set :1:56085,0x86cf030,~
code-creation,Script,10,48308,0x86e10de,125,get :1:55926,0x86cf010,~
code-creation,Script,10,48362,0x86e1242,254,run :1:55514,0x86ceff0,~
code-creation,Script,10,48394,0x86e13de,69,cur :1:55408,0x86cefd0,~
code-creation,Script,10,48433,0x86e14d2,108,init :1:55229,0x86cefb0,~
code-creation,Script,10,48464,0x86e15d6,42,css :1:54963,0x86cef90,~
code-creation,Script,10,48508,0x86e1696,150, :1:54991,0x86e155c,~
code-creation,Script,10,48545,0x86e17f2,109, :1:54749,0x86cef70,~
code-creation,Script,10,48586,0x86e18fa,124,expand :1:54787,0x86e1748,~
code-creation,Script,10,48623,0x86e1a42,108, :1:54536,0x86cef50,~
code-creation,Script,10,48650,0x86e1b1a,22, :1:54645,0x86e1990,~
code-creation,Script,10,48681,0x86e1c0a,56, :1:53972,0x86cef30,~
code-creation,Script,10,48741,0x86e1d3a,362,set :1:54174,0x86e1b5c,~
code-creation,Script,10,48784,0x86e1f82,166,get :1:54005,0x86e1b3c,~
code-creation,Script,10,48811,0x86e2086,27, :1:54139,0x86e1ed8,~
code-creation,Script,10,48859,0x86e2142,223,css :1:53700,0x86cef10,~
code-creation,Script,10,48934,0x86e2346,429,style :1:53190,0x86ceef0,~
code-creation,Script,10,48966,0x86e2586,40,get :1:52925,0x86ceed0,~
code-creation,Script,10,49015,0x86e27ae,225, :1:50519,0x86ceeb0,~
code-creation,Script,10,49042,0x86e28fa,11,scrollboxSize :1:51473,0x86e267c,~
code-creation,Script,10,49066,0x86e2956,11,reliableMarginLeft :1:51434,0x86e265c,~
code-creation,Script,10,49090,0x86e29b2,11,pixelPosition :1:51390,0x86e263c,~
code-creation,Script,10,49114,0x86e2a0e,11,pixelBoxStyles :1:51351,0x86e261c,~
code-creation,Script,10,49138,0x86e2a6a,11,boxSizingReliable :1:51311,0x86e25fc,~
code-creation,Script,10,49166,0x86e2ade,29,n :1:51028,0x86e25dc,~
code-creation,Script,10,49212,0x86e2be2,260,t :1:50532,0x86e25bc,~
code-creation,Script,10,49243,0x86e2d76,37,Me :1:49957,0x86cee90,~
code-creation,Script,10,49271,0x86e2e26,32, :1:49734,0x86cee70,~
code-creation,Script,10,49314,0x86e2ede,146, :1:49756,0x86e2dac,~
code-creation,Script,10,49347,0x86e300a,41,replaceWith :1:49463,0x86cee50,~
code-creation,Script,10,49382,0x86e30aa,84, :1:49508,0x86e2f90,~
code-creation,Script,10,49411,0x86e318e,35,html :1:49073,0x86cee30,~
code-creation,Script,10,49472,0x86e32a2,259, :1:49099,0x86e3114,~
code-creation,Script,10,49506,0x86e3452,55,clone :1:48972,0x86cee10,~
code-creation,Script,10,49533,0x86e34e6,30, :1:49029,0x86e33d4,~
code-creation,Script,10,49567,0x86e357e,79,empty :1:48849,0x86cedf0,~
code-creation,Script,10,49595,0x86e3656,26,after :1:48726,0x86cedd0,~
code-creation,Script,10,49623,0x86e36d6,33, :1:48762,0x86e35e4,~
code-creation,Script,10,49649,0x86e377a,26,before :1:48615,0x86cedb0,~
code-creation,Script,10,49675,0x86e37f6,27, :1:48651,0x86e3708,~
code-creation,Script,10,49701,0x86e3892,26,prepend :1:48447,0x86ced90,~
code-creation,Script,10,49735,0x86e3922,71, :1:48483,0x86e3820,~
code-creation,Script,10,49764,0x86e39f2,26,append :1:48304,0x86ced70,~
code-creation,Script,10,49798,0x86e3a7a,67, :1:48340,0x86e3980,~
code-creation,Script,10,49827,0x86e3b4a,35,text :1:48091,0x86ced50,~
code-creation,Script,10,49858,0x86e3c06,63, :1:48117,0x86e3ad0,~
code-creation,Script,10,49888,0x86e3cba,55, :1:48178,0x86e3b7c,~
code-creation,Script,10,49913,0x86e3d46,11,remove :1:48055,0x86ced30,~
code-creation,Script,10,49938,0x86e3da2,20,detach :1:48014,0x86ced10,~
code-creation,Script,10,49988,0x86e3e6a,217,cleanData :1:47753,0x86cecf0,~
code-creation,Script,10,50066,0x86e4066,412,clone :1:47238,0x86cecd0,~
code-creation,Script,10,50094,0x86e4296,22,htmlPrefilter :1:47186,0x86cecb0,~
code-creation,Script,10,50151,0x86e4396,272,off :1:45102,0x86cec90,~
code-creation,Script,10,50180,0x86e451e,41, :1:45425,0x86e42b8,~
code-creation,Script,10,50206,0x86e4596,30,one :1:45053,0x86cec70,~
code-creation,Script,10,50231,0x86e4602,26,on :1:45006,0x86cec50,~
code-creation,Script,10,50263,0x86e46e2,62, :1:44762,0x86cec30,~
code-creation,Script,10,50299,0x86e47ae,88,handle :1:44829,0x86e4628,~
code-creation,Script,10,50340,0x86e489e,130,which :1:44467,0x86cec10,~
code-creation,Script,10,50371,0x86e49a2,46,stopImmediatePropagation :1:43972,0x86cebf0,~
code-creation,Script,10,50402,0x86e4a46,36,stopPropagation :1:43839,0x86cebd0,~
code-creation,Script,10,50431,0x86e4ade,36,preventDefault :1:43718,0x86cebb0,~
code-creation,Script,10,50489,0x86e4bee,246, :1:43117,0x86ceb90,~
code-creation,Script,10,50518,0x86e4d5e,21, :1:43042,0x86ceb70,~
code-creation,Script,10,50546,0x86e4dde,35,postDispatch :1:42937,0x86ceb50,~
code-creation,Script,10,50573,0x86e4e62,21,_default :1:42873,0x86ceb30,~
code-creation,Script,10,50603,0x86e4eea,49,trigger :1:42774,0x86ceb10,~
code-creation,Script,10,50631,0x86e4f82,33,trigger :1:42674,0x86ceaf0,~
code-creation,Script,10,50661,0x86e500a,33,trigger :1:42574,0x86cead0,~
code-creation,Script,10,50690,0x86e5092,36,fix :1:42481,0x86ceab0,~
code-creation,Script,10,50726,0x86e51da,98,addProp :1:42153,0x86cea90,~
code-creation,Script,10,50757,0x86e52e2,38,set :1:42379,0x86e5108,~
code-creation,Script,10,50783,0x86e536a,21, :1:42312,0x86e50e8,~
code-creation,Script,10,50808,0x86e53de,24, :1:42249,0x86e50c8,~
code-creation,Script,10,50885,0x86e556a,373,handlers :1:41683,0x86cea70,~
code-creation,Script,10,50974,0x86e5886,497,dispatch :1:40946,0x86cea50,~
code-creation,Script,10,51081,0x86e5c82,691,remove :1:40187,0x86cea30,~
code-creation,Script,10,51196,0x86e61ca,753,add :1:39266,0x86cea10,~
code-creation,Script,10,51231,0x86e659a,75, :1:39488,0x86e5f98,~
code-creation,Script,10,51264,0x86e6682,53,toggle :1:36687,0x86ce9f0,~
code-creation,Script,10,51294,0x86e672a,55, :1:36761,0x86e65fc,~
code-creation,Script,10,51318,0x86e67ba,10,hide :1:36652,0x86ce9d0,~
code-creation,Script,10,51342,0x86e6812,14,show :1:36616,0x86ce9b0,~
code-creation,Script,10,51384,0x86e68a2,156,oe :1:35527,0x86ce990,~
code-creation,Script,10,51419,0x86e69d6,99,ie :1:35389,0x86ce970,~
code-creation,Script,10,51466,0x86e6b1e,171,promise :1:35003,0x86ce950,~
code-creation,Script,10,51497,0x86e6c4e,46,a :1:35065,0x86e6a54,~
code-creation,Script,10,51524,0x86e6cde,29,clearQueue :1:34952,0x86ce930,~
code-creation,Script,10,51551,0x86e6d7e,28,dequeue :1:34880,0x86ce910,~
code-creation,Script,10,51577,0x86e6df6,25, :1:34909,0x86e6d08,~
code-creation,Script,10,51615,0x86e6eb2,117,queue :1:34634,0x86ce8f0,~
code-creation,Script,10,51654,0x86e6faa,102, :1:34763,0x86e6e1c,~
code-creation,Script,10,51692,0x86e70e2,129,_queueHooks :1:34466,0x86ce8d0,~
code-creation,Script,10,51722,0x86e71e6,57, :1:34571,0x86e7024,~
code-creation,Script,10,51771,0x86e7302,219,dequeue :1:34216,0x86ce8b0,~
code-creation,Script,10,51798,0x86e744e,29, :1:34400,0x86e7230,~
code-creation,Script,10,51837,0x86e7502,126,queue :1:34067,0x86ce890,~
code-creation,Script,10,51865,0x86e760e,28,removeData :1:33989,0x86ce870,~
code-creation,Script,10,51891,0x86e7686,25, :1:34018,0x86e7598,~
code-creation,Script,10,51952,0x86e77be,334,data :1:33470,0x86ce850,~
code-creation,Script,10,51993,0x86e79c2,110, :1:33805,0x86e76cc,~
code-creation,Script,10,52023,0x86e7a8e,33, :1:33912,0x86e793c,~
code-creation,Script,10,52048,0x86e7b0a,25, :1:33771,0x86e76ac,~
code-creation,Script,10,52074,0x86e7b7e,19,_removeData :1:33421,0x86ce830,~
code-creation,Script,10,52099,0x86e7bee,26,_data :1:33369,0x86ce810,~
code-creation,Script,10,52124,0x86e7c62,19,removeData :1:33334,0x86ce7f0,~
code-creation,Script,10,52149,0x86e7cd2,26,data :1:33283,0x86ce7d0,~
code-creation,Script,10,52175,0x86e7d4a,34,hasData :1:33231,0x86ce7b0,~
code-creation,Script,10,52205,0x86e7dd6,31,hasData :1:32778,0x86ce790,~
code-creation,Script,10,52256,0x86e7eb2,191,remove :1:32511,0x86ce770,~
code-creation,Script,10,52296,0x86e7ff2,67,access :1:32387,0x86ce750,~
code-creation,Script,10,52327,0x86e80a6,48,get :1:32294,0x86ce730,~
code-creation,Script,10,52363,0x86e8152,98,set :1:32181,0x86ce710,~
code-creation,Script,10,52400,0x86e825a,87,cache :1:32022,0x86ce6f0,~
code-creation,Script,10,52429,0x86e8322,35,U :1:31886,0x86ce6d0,~
code-creation,Script,10,52491,0x86e8422,307,F :1:31448,0x86ce6b0,~
code-creation,Script,10,52520,0x86e85ce,30,t :1:31630,0x86e8354,~
code-creation,Script,10,52558,0x86e8676,120,ready :1:31137,0x86ce690,~
code-creation,Script,10,52588,0x86e8782,38, :1:31023,0x86ce670,~
code-creation,Script,10,52612,0x86e8806,18, :1:31058,0x86e8708,~
code-creation,Script,10,52638,0x86e889a,35, :1:30847,0x86ce650,~
code-creation,Script,10,52662,0x86e890a,4, :1:30872,0x86e8824,~
code-creation,Script,10,52696,0x86e898e,99, :1:30703,0x86ce630,~
code-creation,Script,10,52751,0x86e8b02,291,when :1:30256,0x86ce610,~
code-creation,Script,10,52778,0x86e8cca,15,a :1:30343,0x86e8a0c,~
code-creation,Script,10,52812,0x86e8d4e,112, :1:30362,0x86e8c58,~
code-creation,Script,10,52874,0x86e9016,376,Deferred :1:28379,0x86ce5f0,~
code-creation,Script,10,52925,0x86e92b6,282, :1:29962,0x86e8e94,~
code-creation,Script,10,52957,0x86e9456,55, :1:30121,0x86e91e0,~
code-creation,Script,10,52980,0x86e94e2,9, :1:30017,0x86e91c0,~
code-creation,Script,10,53007,0x86e953a,33,promise :1:29896,0x86e8e74,~
code-creation,Script,10,53038,0x86e9612,63,then :1:29093,0x86e8e54,~
code-creation,Script,10,53079,0x86e96da,230, :1:29763,0x86e9588,~
code-creation,Script,10,53105,0x86e9856,27,s :1:29119,0x86e9568,~
code-creation,Script,10,53144,0x86e994a,129, :1:29144,0x86e97e4,~
code-creation,Script,10,53186,0x86e9a7a,178, :1:29505,0x86e98a0,~
code-creation,Script,10,53245,0x86e9c02,432,c :1:29180,0x86e9880,~
code-creation,Script,10,53275,0x86e9e5e,47,pipe :1:28791,0x86e8e34,~
code-creation,Script,10,53304,0x86e9f1e,47, :1:28836,0x86e9ddc,~
code-creation,Script,10,53339,0x86e9fe2,95, :1:28857,0x86e9ea0,~
code-creation,Script,10,53383,0x86ea0fe,197, :1:28905,0x86e9f5c,~
code-creation,Script,10,53410,0x86ea236,21,catch :1:28751,0x86e8e14,~
code-creation,Script,10,53437,0x86ea2ae,35,always :1:28687,0x86e8df4,~
code-creation,Script,10,53460,0x86ea322,4,state :1:28659,0x86e8dd4,~
code-creation,Script,10,53509,0x86ea61e,178, :1:27265,0x86ce5d0,~
code-creation,Script,10,53534,0x86ea736,6,fired :1:28327,0x86ea4a8,~
code-creation,Script,10,53560,0x86ea78a,23,fire :1:28270,0x86ea488,~
code-creation,Script,10,53595,0x86ea822,88,fireWith :1:28182,0x86ea468,~
code-creation,Script,10,53619,0x86ea8ce,6,locked :1:28151,0x86ea448,~
code-creation,Script,10,53647,0x86ea92a,24,lock :1:28098,0x86ea428,~
code-creation,Script,10,53670,0x86ea98e,5,disabled :1:28072,0x86ea408,~
code-creation,Script,10,53695,0x86ea9e6,16,disable :1:28025,0x86ea3e8,~
code-creation,Script,10,53721,0x86eaa46,12,empty :1:27983,0x86ea3c8,~
code-creation,Script,10,53749,0x86eaaba,51,has :1:27926,0x86ea3a8,~
code-creation,Script,10,53777,0x86eab76,31,remove :1:27806,0x86ea388,~
code-creation,Script,10,53809,0x86eac06,82, :1:27841,0x86eab00,~
code-creation,Script,10,53843,0x86eacf2,78,add :1:27606,0x86ea368,~
code-creation,Script,10,53872,0x86eadca,36,t :1:27662,0x86eac68,~
code-creation,Script,10,53908,0x86eae6e,103, :1:27683,0x86ead50,~
code-creation,Script,10,53954,0x86eaf9e,188,l :1:27422,0x86ea348,~
code-creation,Script,10,53994,0x86eb0fa,59, :1:27298,0x86ea328,~
code-creation,Script,10,54023,0x86eb18a,12, :1:27348,0x86eb078,~
code-creation,Script,10,54051,0x86eb21e,40, :1:26803,0x86ce5b0,~
code-creation,Script,10,54094,0x86eb2e6,182, :1:26825,0x86eb1a4,~
code-creation,Script,10,54128,0x86eb42a,74,contents :1:26689,0x86ce590,~
code-creation,Script,10,54154,0x86eb4d6,16,children :1:26644,0x86ce570,~
code-creation,Script,10,54181,0x86eb54a,26,siblings :1:26580,0x86ce550,~
code-creation,Script,10,54207,0x86eb5be,21,prevUntil :1:26522,0x86ce530,~
code-creation,Script,10,54232,0x86eb62e,21,nextUntil :1:26467,0x86ce510,~
code-creation,Script,10,54256,0x86eb69e,15,prevAll :1:26414,0x86ce4f0,~
code-creation,Script,10,54280,0x86eb70a,15,nextAll :1:26367,0x86ce4d0,~
code-creation,Script,10,54304,0x86eb776,15,prev :1:26316,0x86ce4b0,~
code-creation,Script,10,54328,0x86eb7e2,15,next :1:26272,0x86ce490,~
code-creation,Script,10,54352,0x86eb84e,21,parentsUntil :1:26223,0x86ce470,~
code-creation,Script,10,54376,0x86eb8be,15,parents :1:26172,0x86ce450,~
code-creation,Script,10,54405,0x86eb932,28,parent :1:26099,0x86ce430,~
code-creation,Script,10,54435,0x86eb9ba,46,addBack :1:26002,0x86ce410,~
code-creation,Script,10,54466,0x86eba5e,71,add :1:25915,0x86ce3f0,~
code-creation,Script,10,54503,0x86ebb3a,133,index :1:25759,0x86ce3d0,~
code-creation,Script,10,54557,0x86ebc9a,229,closest :1:25468,0x86ce3b0,~
code-creation,Script,10,54589,0x86ebe2e,47,has :1:25334,0x86ce390,~
code-creation,Script,10,54620,0x86ebece,56, :1:25392,0x86ebda8,~
code-creation,Script,10,54718,0x86ec056,535, :1:24555,0x86ce370,~
code-creation,Script,10,54753,0x86ec31a,66,is :1:24416,0x86ce350,~
code-creation,Script,10,54782,0x86ec3be,41,not :1:24360,0x86ce330,~
code-creation,Script,10,54808,0x86ec44a,41,filter :1:24303,0x86ce310,~
code-creation,Script,10,54854,0x86ec53e,173,find :1:24051,0x86ce2f0,~
code-creation,Script,10,54886,0x86ec66a,60, :1:24148,0x86ec484,~
code-creation,Script,10,54929,0x86ec776,149, :1:23850,0x86ce2d0,~
code-creation,Script,10,54955,0x86ec876,13, :1:23995,0x86ec6b8,~
code-creation,Script,10,54987,0x86ec8f6,54,k :1:23359,0x86ce2b0,~
code-creation,Script,10,55024,0x86ec9b6,93,T :1:23227,0x86ce290,~
code-creation,Script,10,55287,0x86edcfe,2692, :1:3611,0x86ce270,~
code-creation,Script,10,55328,0x86ee922,61, :1:22926,0x86ed388,~
code-creation,Script,10,55354,0x86ee9c6,18, :1:22866,0x86ed368,~
code-creation,Script,10,55383,0x86eea46,37, :1:22781,0x86ed348,~
code-creation,Script,10,55413,0x86eeaee,62, :1:22647,0x86ed328,~
code-creation,Script,10,55443,0x86eeb9e,53, :1:22552,0x86ed308,~
code-creation,Script,10,55470,0x86eec4e,36, :1:22431,0x86ed2e8,~
code-creation,Script,10,55497,0x86eecde,37, :1:22350,0x86ed2c8,~
code-creation,Script,10,55595,0x86eee5a,610, :1:21629,0x86ed2a8,~
code-creation,Script,10,55643,0x86ef1ca,144, :1:20895,0x86ed288,~
code-creation,Script,10,55678,0x86ef306,71, :1:21018,0x86ef118,~
code-creation,Script,10,55770,0x86ef49e,570,r :1:21064,0x86ef27c,~
code-creation,Script,10,55850,0x86ef86a,469, :1:20432,0x86ed268,~
code-creation,Script,10,55884,0x86efae2,49, :1:18110,0x86ed248,~
code-creation,Script,10,55914,0x86efb7e,48, :1:18039,0x86ed228,~
code-creation,Script,10,55942,0x86efc1a,37, :1:17977,0x86ed208,~
code-creation,Script,10,55969,0x86efca6,36, :1:17914,0x86ed1e8,~
code-creation,Script,10,55998,0x86efd36,32, :1:17870,0x86ed1c8,~
code-creation,Script,10,56023,0x86efdbe,22, :1:17836,0x86ed1a8,~
code-creation,Script,10,56047,0x86efe36,6, :1:17805,0x86ed188,~
code-creation,Script,10,56080,0x86efebe,77,text :1:17657,0x86ed168,~
code-creation,Script,10,56110,0x86eff8e,53,button :1:17557,0x86ed148,~
code-creation,Script,10,56140,0x86f002a,23,input :1:17511,0x86ed128,~
code-creation,Script,10,56166,0x86f00a6,23,header :1:17466,0x86ed108,~
code-creation,Script,10,56193,0x86f0122,24,parent :1:17420,0x86ed0e8,~
code-creation,Script,10,56222,0x86f01aa,38,empty :1:17329,0x86ed0c8,~
code-creation,Script,10,56250,0x86f023a,28,selected :1:17246,0x86ed0a8,~
code-creation,Script,10,56280,0x86f02d6,56,checked :1:17134,0x86ed088,~
code-creation,Script,10,56318,0x86f038e,62,focus :1:16993,0x86ed068,~
code-creation,Script,10,56346,0x86f0422,7,root :1:16961,0x86ed048,~
code-creation,Script,10,56376,0x86f049e,54,target :1:16881,0x86ed028,~
code-creation,Script,10,56413,0x86f0582,112, :1:16585,0x86ed008,~
code-creation,Script,10,56453,0x86f069a,124, :1:16684,0x86f04e4,~
code-creation,Script,10,56483,0x86f07aa,45, :1:16470,0x86ecfe8,~
code-creation,Script,10,56512,0x86f0842,48, :1:16507,0x86f0730,~
code-creation,Script,10,56538,0x86f08f2,15, :1:16400,0x86ecfc8,~
code-creation,Script,10,56564,0x86f0962,29, :1:16419,0x86f0884,~
code-creation,Script,10,56598,0x86f0a42,86, :1:16173,0x86ecfa8,~
code-creation,Script,10,56629,0x86f0b02,65, :1:16327,0x86f09ac,~
code-creation,Script,10,56665,0x86f0bb6,77, :1:16237,0x86f098c,~
code-creation,Script,10,56712,0x86f0d0a,233,PSEUDO :1:15852,0x86ecf88,~
code-creation,Script,10,56740,0x86f0e5a,21, :1:16123,0x86f0c34,~
code-creation,Script,10,56773,0x86f0ede,80, :1:16044,0x86f0c14,~
code-creation,Script,10,56813,0x86f1006,123,CHILD :1:14868,0x86ecf68,~
code-creation,Script,10,56927,0x86f124a,784, :1:15008,0x86f0f64,~
code-creation,Script,10,56955,0x86f15fe,8, :1:14974,0x86f0f44,~
code-creation,Script,10,56981,0x86f1686,23,ATTR :1:14550,0x86ecf48,~
code-creation,Script,10,57038,0x86f1792,349, :1:14573,0x86f1614,~
code-creation,Script,10,57075,0x86f19be,110,CLASS :1:14335,0x86ecf28,~
code-creation,Script,10,57108,0x86f1aae,60, :1:14419,0x86f1918,~
code-creation,Script,10,57139,0x86f1baa,66,TAG :1:14184,0x86ecf08,~
code-creation,Script,10,57167,0x86f1c52,31, :1:14267,0x86f1b1c,~
code-creation,Script,10,57190,0x86f1cc2,3, :1:14246,0x86f1afc,~
code-creation,Script,10,57240,0x86f1d6a,242,PSEUDO :1:13959,0x86ecee8,~
code-creation,Script,10,57291,0x86f1f2e,238,CHILD :1:13746,0x86ecec8,~
code-creation,Script,10,57330,0x86f20ca,157,ATTR :1:13608,0x86ecea8,~
code-creation,Script,10,57377,0x86f221e,171, :1:13134,0x86ece88,~
code-creation,Script,10,57421,0x86f237e,161, :1:12941,0x86ece68,~
code-creation,Script,10,57450,0x86f248e,25, :1:12853,0x86ece48,~
code-creation,Script,10,57476,0x86f250a,29, :1:12803,0x86ece28,~
code-creation,Script,10,57523,0x86f25d2,177, :1:12545,0x86ece08,~
code-creation,Script,10,57552,0x86f26f6,37, :1:12478,0x86ecde8,~
code-creation,Script,10,57605,0x86f2802,247, :1:12187,0x86ecdc8,~
code-creation,Script,10,57633,0x86f2962,23, :1:12128,0x86ecda8,~
code-creation,Script,10,57746,0x86f2d8e,771, :1:8135,0x86ecd88,~
code-creation,Script,10,57810,0x86f31d6,316, :1:11792,0x86f2b88,~
code-creation,Script,10,57862,0x86f33ce,239, :1:11448,0x86f2b68,~
code-creation,Script,10,57891,0x86f353a,28, :1:11376,0x86f2b48,~
code-creation,Script,10,57929,0x86f35e2,102, :1:11178,0x86f2b28,~
code-creation,Script,10,57960,0x86f36ce,75, :1:10961,0x86f2b08,~
code-creation,Script,10,58009,0x86f380e,305, :1:10323,0x86f2ae8,~
code-creation,Script,10,58057,0x86f3a62,334, :1:9844,0x86f2ac8,~
code-creation,Script,10,58084,0x86f3c2e,25, :1:9704,0x86f2aa8,~
code-creation,Script,10,58120,0x86f3cce,85, :1:9536,0x86f2a88,~
code-creation,Script,10,58150,0x86f3d96,45, :1:9421,0x86f2a68,~
code-creation,Script,10,58193,0x86f3e86,170, :1:9137,0x86f2a48,~
code-creation,Script,10,58224,0x86f3fc6,37, :1:8990,0x86f2a28,~
code-creation,Script,10,58256,0x86f4056,40, :1:9031,0x86f3f4c,~
code-creation,Script,10,58287,0x86f40f6,50, :1:8885,0x86f2a08,~
code-creation,Script,10,58315,0x86f41b2,37, :1:8788,0x86f29e8,~
code-creation,Script,10,58341,0x86f4236,24, :1:8829,0x86f4138,~
code-creation,Script,10,58370,0x86f42c2,62, :1:8669,0x86f29c8,~
code-creation,Script,10,58398,0x86f437a,56, :1:8506,0x86f29a8,~
code-creation,Script,10,58424,0x86f4422,24, :1:8414,0x86f2988,~
code-creation,Script,10,58453,0x86f44aa,38, :1:8028,0x86ecd68,~
code-creation,Script,10,58485,0x86f453e,60, :1:5782,0x86ecd48,~
code-creation,Script,10,58512,0x86f45e2,40, :1:5746,0x86ecd28,~
code-creation,Script,10,58539,0x86f4676,32, :1:5542,0x86ecd08,~
code-creation,Script,10,58563,0x86f46e6,10,ie :1:5520,0x86ecce8,~
code-creation,Script,10,58596,0x86f477e,107,ne :1:5412,0x86eccc8,~
code-creation,Script,10,58639,0x86f4876,128,ee :1:5220,0x86ecca8,~
code-creation,Script,10,58673,0x86f496e,47,L :1:3832,0x86ecc88,~
code-creation,Script,10,58699,0x86f49f2,13,S :1:3731,0x86ecc68,~
code-creation,Script,10,58788,0x86f4bee,616,Ce :1:19758,0x86ecc48,~
code-creation,Script,10,58825,0x86f4f06,76, :1:19929,0x86f4a4c,~
code-creation,Script,10,58851,0x86f4fa6,24, :1:19890,0x86f4a2c,~
code-creation,Script,10,58879,0x86f500e,7, :1:19853,0x86f4a0c,~
code-creation,Script,10,58913,0x86f50a6,112,xe :1:19153,0x86ecc28,~
code-creation,Script,10,59002,0x86f5252,550, :1:19227,0x86f5024,~
code-creation,Script,10,59035,0x86f5512,54, :1:19281,0x86f5128,~
code-creation,Script,10,59072,0x86f55ce,96,be :1:19022,0x86ecc08,~
code-creation,Script,10,59102,0x86f56be,42,we :1:18909,0x86ecbe8,~
code-creation,Script,10,59134,0x86f5752,60, :1:18939,0x86f5644,~
code-creation,Script,10,59170,0x86f585e,80,ye :1:18413,0x86ecbc8,~
code-creation,Script,10,59230,0x86f5996,315, :1:18576,0x86f57c0,~
code-creation,Script,10,59262,0x86f5b62,52, :1:18500,0x86f57a0,~
code-creation,Script,10,59292,0x86f5c0e,53,ve :1:18339,0x86ecba8,~
code-creation,Script,10,59316,0x86f5c92,3,ge :1:18324,0x86ecb88,~
code-creation,Script,10,59341,0x86f5ce6,16,me :1:7935,0x86ecb68,~
code-creation,Script,10,59367,0x86f5d76,27,fe :1:7789,0x86ecb48,~
code-creation,Script,10,59395,0x86f5e16,33, :1:7811,0x86f5d04,~
code-creation,Script,10,59430,0x86f5ea6,88, :1:7838,0x86f5da0,~
code-creation,Script,10,59455,0x86f5f82,15,de :1:7541,0x86ecb28,~
code-creation,Script,10,59500,0x86f602a,165, :1:7560,0x86f5f14,~
code-creation,Script,10,59525,0x86f6152,15,pe :1:7429,0x86ecb08,~
code-creation,Script,10,59556,0x86f61da,53, :1:7448,0x86f60e4,~
code-creation,Script,10,59581,0x86f628e,15,he :1:7341,0x86ecae8,~
code-creation,Script,10,59608,0x86f630e,38, :1:7360,0x86f6220,~
code-creation,Script,10,59645,0x86f63be,94,ue :1:7175,0x86ecac8,~
code-creation,Script,10,59676,0x86f649a,67,ce :1:7098,0x86ecaa8,~
code-creation,Script,10,59727,0x86f658e,129,le :1:6956,0x86eca88,~
code-creation,Script,10,59755,0x86f6662,13,ae :1:6924,0x86eca68,~
code-creation,Script,10,59782,0x86f66ee,15,se :1:6810,0x86eca48,~
code-creation,Script,10,59815,0x86f6776,75,t :1:6839,0x86f667c,~
code-creation,Script,10,59938,0x86f69be,825,re :1:5853,0x86eca28,~
code-creation,Script,10,59969,0x86f6db6,39, :1:3553,0x86ce250,~
code-creation,Script,10,60016,0x86f6e76,172,map :1:3207,0x86ce230,~
code-creation,Script,10,60054,0x86f6fae,80,grep :1:3107,0x86ce210,~
code-creation,Script,10,60087,0x86f7076,63,merge :1:3012,0x86ce1f0,~
code-creation,Script,10,60116,0x86f711a,35,inArray :1:2957,0x86ce1d0,~
code-creation,Script,10,60153,0x86f71c6,105,makeArray :1:2841,0x86ce1b0,~
code-creation,Script,10,60182,0x86f729a,38,trim :1:2779,0x86ce190,~
code-creation,Script,10,60224,0x86f734a,160,each :1:2632,0x86ce170,~
code-creation,Script,10,60250,0x86f7446,11,globalEval :1:2609,0x86ce150,~
code-creation,Script,10,60278,0x86f74aa,43,isEmptyObject :1:2550,0x86ce130,~
code-creation,Script,10,60313,0x86f754e,100,isPlainObject :1:2382,0x86ce110,~
code-creation,Script,10,60337,0x86f7606,3,noop :1:2355,0x86ce0f0,~
code-creation,Script,10,60362,0x86f765a,14,error :1:2318,0x86ce0d0,~
code-creation,Script,10,60428,0x86f7732,346, :1:1815,0x86ce0b0,~
code-creation,Script,10,60456,0x86f7906,18,end :1:1703,0x86ce090,~
code-creation,Script,10,60492,0x86f7996,83,eq :1:1607,0x86ce070,~
code-creation,Script,10,60517,0x86f7a4e,17,last :1:1573,0x86ce050,~
code-creation,Script,10,60542,0x86f7aba,16,first :1:1538,0x86ce030,~
code-creation,Script,10,60568,0x86f7b2e,34,slice :1:1473,0x86ce010,~
code-creation,Script,10,60598,0x86f7bde,48,map :1:1383,0x86cdff0,~
code-creation,Script,10,60624,0x86f7c6e,26, :1:1428,0x86f7b60,~
code-creation,Script,10,60649,0x86f7ce2,18,each :1:1344,0x86cdfd0,~
code-creation,Script,10,60677,0x86f7d5e,40,pushStack :1:1263,0x86cdfb0,~
code-creation,Script,10,60708,0x86f7df6,47,get :1:1180,0x86cdf90,~
code-creation,Script,10,60733,0x86f7e86,17,toArray :1:1144,0x86cdf70,~
code-creation,Script,10,60759,0x86f7efa,31,b :1:869,0x86cdf50,~
code-creation,Script,10,60790,0x86f7f7a,15,g :1:533,0x86cdf30,~
code-creation,Script,10,60822,0x86f7fe6,15,m :1:462,0x86cdf10,~
code-creation,Script,10,60863,0x86f8076,131,Mt :1:72395,0x86cdef0,~
code-creation,Script,10,60899,0x86f819e,94,qt :1:72147,0x86cded0,~
code-creation,Script,10,60931,0x86f828a,61,s :1:72185,0x86f8110,~
code-creation,Script,10,60966,0x86f833a,100, :1:72234,0x86f820c,~
code-creation,Script,10,61029,0x86f8422,15,Ot :1:71932,0x86cdeb0,~
code-creation,Script,10,61130,0x86f84d6,200, :1:71951,0x86f83b0,~
code-creation,Script,10,61188,0x86f8676,191,kt :1:70733,0x86cde90,~
code-creation,Script,10,61227,0x86f87b6,107, :1:70786,0x86f85c4,~
code-creation,Script,10,61259,0x86f888e,49,ft :1:64340,0x86cde70,~
code-creation,Script,10,61286,0x86f8926,27,dt :1:64274,0x86cde50,~
code-creation,Script,10,61314,0x86f89aa,38,pt :1:64226,0x86cde30,~
code-creation,Script,10,61423,0x86f8ce6,752,at :1:57071,0x86cde10,~
code-creation,Script,10,61483,0x86f90da,240, :1:57937,0x86f8a60,~
code-creation,Script,10,61534,0x86f92be,220,stop :1:57739,0x86f8a40,~
code-creation,Script,10,61570,0x86f9432,103,createTween :1:57626,0x86f8a20,~
code-creation,Script,10,61627,0x86f95aa,309,l :1:57173,0x86f8a00,~
code-creation,Script,10,61653,0x86f9752,11, :1:57144,0x86f89e0,~
code-creation,Script,10,61690,0x86f97e2,113,st :1:56940,0x86cddf0,~
code-creation,Script,10,61731,0x86f9902,122,rt :1:56804,0x86cddd0,~
code-creation,Script,10,61762,0x86f9a12,40,ot :1:56733,0x86cddb0,~
code-creation,Script,10,61786,0x86f9a8e,6, :1:56764,0x86f9990,~
code-creation,Script,10,61820,0x86f9b0a,110,it :1:56603,0x86cdd90,~
code-creation,Script,10,61847,0x86f9be6,40,Ve :1:52832,0x86cdd70,~
code-creation,Script,10,61907,0x86f9cf6,313,Ge :1:52468,0x86cdd50,~
code-creation,Script,10,61986,0x86f9f72,572,Qe :1:51983,0x86cdd30,~
code-creation,Script,10,62022,0x86fa25e,76,Ke :1:51899,0x86cdd10,~
code-creation,Script,10,62054,0x86fa342,61,Ze :1:51709,0x86cdcf0,~
code-creation,Script,10,62092,0x86fa40e,105, :1:51768,0x86fa2c0,~
code-creation,Script,10,62122,0x86fa51a,31,Re :1:50415,0x86cdcd0,~
code-creation,Script,10,62153,0x86fa5a6,43,get :1:50440,0x86fa48c,~
code-creation,Script,10,62208,0x86fa68e,222,We :1:50087,0x86cdcb0,~
code-creation,Script,10,62253,0x86fa82e,170,Oe :1:46949,0x86cdc90,~
code-creation,Script,10,62352,0x86faa86,699,He :1:46237,0x86cdc70,~
code-creation,Script,10,62388,0x86fadfe,98, :1:46393,0x86fa8f8,~
code-creation,Script,10,62449,0x86faf32,268,Le :1:45971,0x86cdc50,~
code-creation,Script,10,62486,0x86fb0da,88,je :1:45865,0x86cdc30,~
code-creation,Script,10,62516,0x86fb1a6,41,Ne :1:45791,0x86cdc10,~
code-creation,Script,10,62551,0x86fb252,90,Ae :1:45684,0x86cdbf0,~
code-creation,Script,10,62609,0x86fb3aa,296,Ee :1:38825,0x86cdbd0,~
code-creation,Script,10,62639,0x86fb542,45, :1:39204,0x86fb2e0,~
code-creation,Script,10,62667,0x86fb5d6,43,o :1:39109,0x86fb2c0,~
code-creation,Script,10,62695,0x86fb676,32,ke :1:38773,0x86cdbb0,~
code-creation,Script,10,62719,0x86fb6e2,3,Te :1:38750,0x86cdb90,~
code-creation,Script,10,62741,0x86fb726,3,_e :1:38727,0x86cdb70,~
code-creation,Script,10,62837,0x86fb8c2,588,ye :1:37583,0x86cdb50,~
code-creation,Script,10,62875,0x86fbbde,89,fe :1:37372,0x86cdb30,~
code-creation,Script,10,62915,0x86fbcca,123,de :1:37180,0x86cdb10,~
code-creation,Script,10,62971,0x86fbe16,275,le :1:36281,0x86cdaf0,~
code-creation,Script,10,63014,0x86fbfea,125,ae :1:36085,0x86cdad0,~
code-creation,Script,10,63090,0x86fc1be,461,re :1:35660,0x86cdab0,~
code-creation,Script,10,63120,0x86fc416,31, :1:35722,0x86fc0a4,~
code-creation,Script,10,63144,0x86fc492,16, :1:35695,0x86fc084,~
code-creation,Script,10,63188,0x86fc572,140,J :1:32920,0x86cda90,~
code-creation,Script,10,63224,0x86fc692,98, :1:33063,0x86fc4b0,~
code-creation,Script,10,63253,0x86fc762,42,Z :1:31953,0x86cda70,~
code-creation,Script,10,63280,0x86fc7f2,44,Y :1:31829,0x86cda50,~
code-creation,Script,10,63305,0x86fc87e,12,X :1:31790,0x86cda30,~
code-creation,Script,10,63333,0x86fc8fa,65,R :1:30915,0x86cda10,~
code-creation,Script,10,63380,0x86fca0e,203,M :1:27093,0x86cd9f0,~
code-creation,Script,10,63404,0x86fcb3e,4,q :1:27071,0x86cd9d0,~
code-creation,Script,10,63434,0x86fcb82,4,O :1:27048,0x86cd9b0,~
code-creation,Script,10,63468,0x86fcbde,30,L :1:25262,0x86cd990,~
code-creation,Script,10,63508,0x86fcce6,153,P :1:23627,0x86cd970,~
code-creation,Script,10,63537,0x86fcdea,39, :1:23785,0x86fcc48,~
code-creation,Script,10,63562,0x86fce62,15, :1:23726,0x86fcc28,~
code-creation,Script,10,63588,0x86fced2,36, :1:23664,0x86fcc08,~
code-creation,Script,10,63616,0x86fcf5e,39,S :1:23477,0x86cd950,~
code-creation,Script,10,63656,0x86fcffe,100,C :1:951,0x86cd930,~
code-creation,Script,10,63689,0x86fd0ce,57,w :1:758,0x86cd910,~
code-creation,Script,10,63729,0x86fd19e,132,y :1:608,0x86cd8f0,~
code-creation,Script,10,63766,0x86fd2ca,88, :1:10,0x86af060,~
code-creation,Script,10,63795,0x86fd38e,33, :1:128,0x86fd240,~
code-creation,Script,10,63992,0x86fdff6,2352,initializeApp :1:155728,0x86af040,~
code-creation,Script,10,64025,0x86fea82,21, :1:172256,0x86fd880,~
code-creation,Script,10,64050,0x86feaf2,17,click :1:172132,0x86fd860,~
code-creation,Script,10,64114,0x86fec86,380, :1:170437,0x86fd840,~
code-creation,Script,10,64199,0x86fef66,494,s :1:170932,0x86feb10,~
code-creation,Script,10,64228,0x86ff1fa,38,failed :1:170171,0x86fd820,~
code-creation,Script,10,64255,0x86ff286,23,failed :1:170046,0x86fd800,~
code-creation,Script,10,64279,0x86ff302,23,failed :1:169898,0x86fd7e0,~
code-creation,Script,10,64304,0x86ff37e,23,failed :1:169752,0x86fd7c0,~
code-creation,Script,10,64329,0x86ff3fa,23,failed :1:169605,0x86fd7a0,~
code-creation,Script,10,64372,0x86ff4c2,184, :1:169239,0x86fd780,~
code-creation,Script,10,64415,0x86ff642,166, :1:168999,0x86fd760,~
code-creation,Script,10,64462,0x86ff7de,222, :1:168699,0x86fd740,~
code-creation,Script,10,64496,0x86ff986,85, :1:168527,0x86fd720,~
code-creation,Script,10,64524,0x86ffa5e,45, :1:168612,0x86ff8e8,~
code-creation,Script,10,64569,0x86ffb8a,193, :1:168241,0x86fd700,~
code-creation,Script,10,64597,0x86ffcf6,36, :1:168445,0x86ffa9c,~
code-creation,Script,10,64620,0x86ffd6a,3, :1:168477,0x86ffc7c,~
code-creation,Script,10,64656,0x86ffe22,100, :1:168054,0x86fd6e0,~
code-creation,Script,10,64682,0x86ffee2,17, :1:168167,0x86ffd70,~
code-creation,Script,10,64789,0x186000c2,340, :1:167577,0x86fd6c0,~
code-creation,Script,10,64844,0x1860036e,224, :1:167104,0x86fd6a0,~
code-creation,Script,10,64872,0x186004d6,24, :1:167511,0x18600270,~
code-creation,Script,10,64907,0x18600596,132, :1:167351,0x18600250,~
code-creation,Script,10,64934,0x1860069a,29,click :1:159598,0x86fd680,~
code-creation,Script,10,64966,0x18600782,77,click :1:159408,0x86fd660,~
code-creation,Script,10,64989,0x18600826,3, :1:159487,0x186006e8,~
code-creation,Script,10,65011,0x1860086a,3, :1:159467,0x186006c8,~
code-creation,Script,10,65037,0x186008ca,33,click :1:159238,0x86fd640,~
code-creation,Script,10,65063,0x18600956,33,click :1:159044,0x86fd620,~
code-creation,Script,10,65102,0x18600aaa,124,click :1:158143,0x86fd600,~
code-creation,Script,10,65131,0x18600bb6,20,callback :1:158343,0x18600988,~
code-creation,Script,10,65181,0x18600d06,240, :1:158362,0x18600b44,~
code-creation,Script,10,65206,0x18600e62,3, :1:158855,0x18600c18,~
code-creation,Script,10,65234,0x18600ece,53, :1:158782,0x18600bf8,~
code-creation,Script,10,65284,0x18600ff2,221, :1:158438,0x18600bd8,~
code-creation,Script,10,65368,0x18601456,624,click :1:156423,0x86fd5e0,~
code-creation,Script,10,65412,0x186017e6,175,callback :1:157515,0x1860111c,~
code-creation,Script,10,65443,0x1860195a,51, :1:157656,0x18601720,~
code-creation,Script,10,65469,0x186019fa,24, :1:157977,0x186018d8,~
code-creation,Script,10,65525,0x18601b5a,363, :1:157678,0x186018b8,~
code-creation,Script,10,65558,0x18601d96,42, :1:157051,0x186010fc,~
code-creation,Script,10,65593,0x18601e86,107, :1:157135,0x18601d04,~
code-creation,Script,10,65620,0x18601f66,33,click :1:156250,0x86fd5c0,~
code-creation,Script,10,65666,0x1860203e,180,A :1:170217,0x86fd5a0,~
code-creation,Script,10,65701,0x186021ba,109,P :1:166834,0x86fd580,~
code-creation,Script,10,65735,0x186022be,110, :1:166949,0x18602118,~
code-creation,Script,10,65830,0x186023da,159,I :1:166667,0x86fd560,~
code-creation,Script,10,65870,0x18602536,159,S :1:166500,0x86fd540,~
code-creation,Script,10,65903,0x186026ba,85,E :1:165910,0x86fd520,~
code-creation,Script,10,65934,0x186027a6,81, :1:166312,0x1860261c,~
code-creation,Script,10,65974,0x18602962,139, :1:165967,0x186025fc,~
code-creation,Script,10,66001,0x18602a6a,24,callback :1:166236,0x18602828,~
code-creation,Script,10,66030,0x18602afe,53,callback :1:166132,0x18602808,~
code-creation,Script,10,66063,0x18602c4a,80,k :1:165013,0x86fd500,~
code-creation,Script,10,66096,0x18602d8a,120,callback :1:165247,0x18602b48,~
code-creation,Script,10,66130,0x18602eae,115, :1:165551,0x18602cd4,~
code-creation,Script,10,66168,0x18603036,110, :1:165339,0x18602cb4,~
code-creation,Script,10,66193,0x186030fe,3,callback :1:165478,0x18602f38,~
code-creation,Script,10,66226,0x186031e6,74,T :1:164890,0x86fd4e0,~
code-creation,Script,10,66249,0x18603286,3,callback :1:164969,0x18603104,~
code-creation,Script,10,66311,0x18603576,427,_ :1:163588,0x86fd4c0,~
code-creation,Script,10,66356,0x18603836,199,callback :1:164511,0x186032ac,~
code-creation,Script,10,66387,0x186039c6,51, :1:164675,0x18603760,~
code-creation,Script,10,66413,0x18603a5e,19, :1:164820,0x18603944,~
code-creation,Script,10,66449,0x18603b2e,125, :1:164697,0x18603924,~
code-creation,Script,10,66480,0x18603c5a,42, :1:164052,0x1860328c,~
code-creation,Script,10,66515,0x18603d4a,107, :1:164136,0x18603bc8,~
code-creation,Script,10,66570,0x18603f3e,329,C :1:161745,0x86fd4a0,~
code-creation,Script,10,66606,0x18604186,97,stop :1:163292,0x18603df0,~
code-creation,Script,10,66630,0x1860423e,3, :1:163460,0x186040e0,~
code-creation,Script,10,66662,0x186042de,71, :1:163338,0x186040c0,~
code-creation,Script,10,66703,0x1860440e,137, :1:161885,0x18603dd0,~
code-creation,Script,10,66765,0x186046be,415, :1:161903,0x18604344,~
code-creation,Script,10,66834,0x186049be,446, :1:162421,0x186044b8,~
code-creation,Script,10,66874,0x18604c86,123,x :1:161534,0x86fd480,~
code-creation,Script,10,66904,0x18604d82,44, :1:161637,0x18604bc4,~
code-creation,Script,10,66938,0x18604e7a,108,b :1:161332,0x86fd460,~
code-creation,Script,10,66967,0x18604f66,44, :1:161467,0x18604dc0,~
code-creation,Script,10,67046,0x1860514e,428,w :1:160494,0x86fd440,~
code-creation,Script,10,67074,0x1860538a,19, :1:161230,0x18604fc4,~
code-creation,Script,10,67111,0x1860549e,103, :1:160885,0x18604fa4,~
code-creation,Script,10,67138,0x18605576,28, :1:161077,0x186053ac,~
code-creation,Script,10,67161,0x186055de,3,y :1:160479,0x86fd420,~
code-creation,Script,10,67209,0x18605716,231,v :1:160107,0x86fd400,~
code-creation,Script,10,67240,0x186058be,59,g :1:159994,0x86fd3e0,~
code-creation,Script,10,67266,0x18605952,14, :1:160085,0x1860582c,~
code-creation,Script,10,67294,0x186059e2,29,m :1:159691,0x86fd3c0,~
code-creation,Script,10,67331,0x18605aae,111, :1:159722,0x1860596c,~
code-creation,Script,10,67365,0x18605baa,89,e :1:159868,0x18605a0c,~
